time="2022-03-09T15:23:45+03:00" level=info msg="Authorized on account motivation2022_bot" func="main.main()" file="main.go, %!s(int=22)"
time="2022-03-09T15:23:57+03:00" level=info msg="[kirillnb] /start" func="main.main()" file="main.go, %!s(int=31)"
time="2022-03-09T15:24:04+03:00" level=info msg="[kirillnb] hy" func="main.main()" file="main.go, %!s(int=31)"
time="2022-03-09T15:31:39+03:00" level=panic msg="Post \"https://api.telegram.org/bot5288169822:AAFYR45m6Pz6VKSP0a7i0On0Lz9XA9Bpe5Q/getMe\": dial tcp: i/o timeout" func="main.main()" file="main.go, %!s(int=17)"
time="2022-03-09T15:32:48+03:00" level=panic msg="Post \"https://api.telegram.org/bot5288169822:AAFYR45m6Pz6VKSP0a7i0On0Lz9XA9Bpe5Q/getMe\": dial tcp: i/o timeout" func="main.main()" file="main.go, %!s(int=17)"
time="2022-03-09T15:33:26+03:00" level=info msg="Authorized on account motivation2022_bot" func="main.main()" file="main.go, %!s(int=22)"
time="2022-03-09T15:33:27+03:00" level=info msg="[kirillnb] kirill" func="main.main()" file="main.go, %!s(int=31)"
time="2022-03-09T15:33:27+03:00" level=info msg="[kirillnb] kirill" func="main.main()" file="main.go, %!s(int=31)"
time="2022-03-09T15:33:27+03:00" level=info msg="[kirillnb] fg" func="main.main()" file="main.go, %!s(int=31)"
time="2022-03-09T15:33:27+03:00" level=info msg="[kirillnb] g" func="main.main()" file="main.go, %!s(int=31)"
time="2022-03-09T15:33:27+03:00" level=info msg="[kirillnb] fg" func="main.main()" file="main.go, %!s(int=31)"
time="2022-03-09T15:33:43+03:00" level=info msg="[kirillnb] erre" func="main.main()" file="main.go, %!s(int=31)"
time="2022-03-09T15:35:38+03:00" level=info msg="Authorized on account motivation2022_bot" func="main.main()" file="main.go, %!s(int=22)"
time="2022-03-09T15:35:42+03:00" level=info msg="[kirillnb] fd" func="main.main()" file="main.go, %!s(int=31)"
time="2022-03-09T15:47:48+03:00" level=info msg="Authorized on account motivation2022_bot" func="main.main()" file="main.go, %!s(int=22)"
time="2022-03-09T15:47:55+03:00" level=info msg="[kirillnb] арбуз" func="main.main()" file="main.go, %!s(int=31)"
time="2022-03-09T15:48:22+03:00" level=info msg="Authorized on account motivation2022_bot" func="main.main()" file="main.go, %!s(int=22)"
time="2022-03-09T15:48:27+03:00" level=info msg="[kirillnb] дд" func="main.main()" file="main.go, %!s(int=31)"
time="2022-03-09T15:48:31+03:00" level=info msg="[kirillnb] hello" func="main.main()" file="main.go, %!s(int=31)"
time="2022-03-09T15:48:42+03:00" level=info msg="[kirillnb] арбуз" func="main.main()" file="main.go, %!s(int=31)"
time="2022-03-09T15:58:40+03:00" level=info msg="Authorized on account motivation2022_bot" func="main.main()" file="main.go, %!s(int=21)"
time="2022-03-09T15:58:46+03:00" level=info msg="[kirillnb] кирилл" func="main.main()" file="main.go, %!s(int=30)"
time="2022-03-09T16:10:58+03:00" level=info msg="Authorized on account motivation2022_bot" func="main.main()" file="main.go, %!s(int=21)"
time="2022-03-09T16:11:32+03:00" level=info msg="[kirillnb] привет" func="main.main()" file="main.go, %!s(int=30)"
time="2022-03-09T16:12:52+03:00" level=info msg="Authorized on account motivation2022_bot" func="main.main()" file="main.go, %!s(int=21)"
time="2022-03-09T16:12:52+03:00" level=info msg="[kirillnb] hello" func="main.main()" file="main.go, %!s(int=30)"
time="2022-03-09T16:13:04+03:00" level=info msg="Authorized on account motivation2022_bot" func="main.main()" file="main.go, %!s(int=21)"
time="2022-03-09T16:13:09+03:00" level=info msg="[kirillnb] gt" func="main.main()" file="main.go, %!s(int=30)"
time="2022-03-09T16:13:29+03:00" level=info msg="Authorized on account motivation2022_bot" func="main.main()" file="main.go, %!s(int=21)"
time="2022-03-09T16:13:31+03:00" level=info msg="[kirillnb] f" func="main.main()" file="main.go, %!s(int=30)"
time="2022-03-09T16:13:34+03:00" level=info msg="[kirillnb] ав" func="main.main()" file="main.go, %!s(int=30)"
time="2022-03-09T16:14:43+03:00" level=info msg="Authorized on account motivation2022_bot" func="main.main()" file="main.go, %!s(int=21)"
time="2022-03-09T16:14:50+03:00" level=info msg="[kirillnb] gol" func="main.main()" file="main.go, %!s(int=30)"
time="2022-03-09T16:14:55+03:00" level=info msg="[kirillnb] привет" func="main.main()" file="main.go, %!s(int=30)"
time="2022-03-09T16:15:26+03:00" level=info msg="Authorized on account motivation2022_bot" func="main.main()" file="main.go, %!s(int=20)"
time="2022-03-09T16:15:28+03:00" level=info msg="[kirillnb] f" func="main.main()" file="main.go, %!s(int=29)"
time="2022-03-09T16:15:45+03:00" level=info msg="Authorized on account motivation2022_bot" func="main.main()" file="main.go, %!s(int=20)"
time="2022-03-09T16:15:45+03:00" level=info msg="[kirillnb] в" func="main.main()" file="main.go, %!s(int=29)"
time="2022-03-09T16:15:56+03:00" level=info msg="Authorized on account motivation2022_bot" func="main.main()" file="main.go, %!s(int=20)"
time="2022-03-09T16:15:56+03:00" level=info msg="[kirillnb] golf" func="main.main()" file="main.go, %!s(int=29)"
time="2022-03-09T16:16:02+03:00" level=info msg="[kirillnb] dfsdfaww" func="main.main()" file="main.go, %!s(int=29)"
time="2022-03-09T16:16:09+03:00" level=info msg="[kirillnb] dfgh" func="main.main()" file="main.go, %!s(int=29)"
time="2022-03-09T16:16:14+03:00" level=info msg="[kirillnb] привет" func="main.main()" file="main.go, %!s(int=29)"
time="2022-03-09T16:16:34+03:00" level=info msg="Authorized on account motivation2022_bot" func="main.main()" file="main.go, %!s(int=20)"
time="2022-03-09T16:16:39+03:00" level=info msg="[kirillnb] fdfffdf" func="main.main()" file="main.go, %!s(int=29)"
time="2022-03-09T16:16:43+03:00" level=info msg="[kirillnb] привет" func="main.main()" file="main.go, %!s(int=29)"
time="2022-03-09T16:20:45+03:00" level=info msg="Authorized on account motivation2022_bot" func="main.main()" file="main.go, %!s(int=22)"
time="2022-03-09T16:20:50+03:00" level=info msg="[kirillnb] hello" func="main.main()" file="main.go, %!s(int=31)"
time="2022-03-09T16:21:07+03:00" level=info msg="Authorized on account motivation2022_bot" func="main.main()" file="main.go, %!s(int=22)"
time="2022-03-09T16:21:11+03:00" level=info msg="[kirillnb] привет" func="main.main()" file="main.go, %!s(int=31)"
time="2022-03-09T16:22:35+03:00" level=info msg="Authorized on account motivation2022_bot" func="main.main()" file="main.go, %!s(int=21)"
time="2022-03-09T16:22:35+03:00" level=info msg="[kirillnb] привет" func="main.main()" file="main.go, %!s(int=30)"
time="2022-03-09T16:22:48+03:00" level=info msg="[kirillnb] golang" func="main.main()" file="main.go, %!s(int=30)"
time="2022-03-09T16:22:53+03:00" level=info msg="[kirillnb] Кирилл" func="main.main()" file="main.go, %!s(int=30)"
time="2022-03-09T16:24:40+03:00" level=info msg="Authorized on account motivation2022_bot" func="main.main()" file="main.go, %!s(int=21)"
time="2022-03-09T16:24:43+03:00" level=info msg="[kirillnb] авав" func="main.main()" file="main.go, %!s(int=30)"
time="2022-03-09T16:24:48+03:00" level=info msg="[kirillnb] dfafww" func="main.main()" file="main.go, %!s(int=30)"
time="2022-03-09T16:35:00+03:00" level=info msg="[kirillnb] Tds" func="main.main()" file="main.go, %!s(int=30)"
time="2022-03-09T16:35:19+03:00" level=info msg="[kirillnb] /start" func="main.main()" file="main.go, %!s(int=30)"
time="2022-03-09T16:35:24+03:00" level=info msg="[kirillnb] Olga" func="main.main()" file="main.go, %!s(int=30)"
time="2022-03-09T16:35:31+03:00" level=info msg="[kirillnb] Kirill" func="main.main()" file="main.go, %!s(int=30)"
time="2022-03-09T16:40:00+03:00" level=info msg="Authorized on account motivation2022_bot" func="main.main()" file="main.go, %!s(int=33)"
time="2022-03-09T16:45:52+03:00" level=fatal msg="telegram: Not Found (404)" func="main.main()" file="main.go, %!s(int=23)"
time="2022-03-09T16:58:06+03:00" level=fatal msg="telegram: Not Found (404)" func="telegram_bot/internal/telebot.(*telegramBot).StartBot()" file="telebot.go, %!s(int=41)"
time="2022-03-09T17:02:02+03:00" level=fatal msg="telegram: Not Found (404)" func="telegram_bot/internal/telebot.(*telegramBot).StartBot()" file="telebot.go, %!s(int=41)"
time="2022-03-09T17:11:59+03:00" level=fatal msg="telegram: Not Found (404)" func="telegram_bot/internal/telebot.(*telegramBot).StartBot()" file="telebot.go, %!s(int=41)"
time="2022-03-09T17:17:51+03:00" level=fatal msg="telegram: Not Found (404)" func="telegram_bot/internal/telebot.(*telegramBot).StartBot()" file="telebot.go, %!s(int=41)"
time="2022-03-10T12:36:54+03:00" level=info msg="map[error:map[code:401 errors:[map[domain:global location:Authorization locationType:header message:Invalid Credentials reason:authError]] message:Request had invalid authentication credentials. Expected OAuth 2 access token, login cookie or other valid authentication credential. See https://developers.google.com/identity/sign-in/web/devconsole-project. status:UNAUTHENTICATED]]" func="telegram_bot/internal/service.(*service).FindTrackByName()" file="youtube.go, %!s(int=34)"
time="2022-03-10T12:44:54+03:00" level=info msg="map[error:map[code:403 errors:[map[domain:global message:The request is missing a valid API key. reason:forbidden]] message:The request is missing a valid API key. status:PERMISSION_DENIED]]" func="telegram_bot/internal/service.(*service).FindTrackByName()" file="youtube.go, %!s(int=34)"
